n/jc-gellidon-Q8CBsVtouZM-unsplash.jpg
n/fabio-alves-Ce2Tf3r0VrU-unsplash.jpg
n/edge2edge-media-uKlneQRwaxY-unsplash.jpg
n/hans-vivek-mBu44hd3ea0-unsplash.jpg
n/jinen-shah-CxReBFhfr10-unsplash.jpg
n/steve-johnson-l3dM09g9rJw-unsplash.jpg
n/anastase-maragos-ghC8y8PF-ok-unsplash.jpg
n/saketh-garuda-fJzWKbEgGAQ-unsplash.jpg
n/eric-prouzet-dt8bIGmsUeU-unsplash.jpg
n/martin-adams-zbPDL84kvRg-unsplash.jpg
n/brett-jordan-7PYqjNzvrc4-unsplash.jpg
n/olga-serjantu-Nn1Yu2uCmwg-unsplash.jpg
n/c-d-x-PDX_a_82obo-unsplash.jpg
n/nick-fewings-4g7uHR_LICs-unsplash.jpg
n/vicko-mozara-m82uh_vamhg-unsplash.jpg
n/1617228427757.jpeg
n/1617228427751.jpeg
n/1617228427748.jpeg
n/1617228427744.jpeg
n/1617228427741.jpeg
n/1617228427731.jpeg
n/download.jpeg
n/1617228427755.jpeg
n/1617228427728.jpeg
n/images.jpeg
n/1617228427738.jpeg
n/1617228427677.jpeg
n/1617228427735.jpeg
n/kelisa-bernard-Tq1Zk9m9_fQ-unsplash.jpg
n/chuttersnap-cX2vElQ5aHk-unsplash.jpg
n/canim-studio-P9bv2OLUrvs-unsplash.jpg
n/sean-kong-i5nMmbr8JYg-unsplash.jpg
n/nicola-tolin-X8agSHaHsjA-unsplash.jpg
n/jaikishan-patel-x-DkJEpGJ0I-unsplash.jpg
n/toa-heftiba-6kL8BKG42NE-unsplash.jpg
n/alvaro-reyes-LXx1hwmp67E-unsplash.jpg
n/jeffrey-f-lin-682V1i_pwz0-unsplash.jpg
n/adrianna-geo-x7oJQcDgtLg-unsplash.jpg
n/yannis-h-uaPaEM7MiQQ-unsplash.jpg
n/cdc-EpMIv296POE-unsplash.jpg
n/diana-polekhina-53m8pcXQQE4-unsplash.jpg
n/matthew-tenbruggencate-0HJWobhGhJs-unsplash.jpg
n/linkedin-sales-solutions-EI50ZDA-l8Y-unsplash.jpg
n/adam-winger-2fr56H6rgJk-unsplash.jpg
n/priscilla-du-preez-XkKCui44iM0-unsplash.jpg
n/helena-lopes-UZe35tk5UoA-unsplash.jpg
n/jaikishan-patel-erauug2J5fM-unsplash.jpg
n/kaleidico-RDYdOvk8ats-unsplash.jpg
n/capturing-the-human-heart-FQ1L770x6l8-unsplash.jpg
n/mimi-thian-XWvqhWCAAoo-unsplash.jpg
n/annie-spratt-wdClPaGnaMI-unsplash.jpg
n/product-school-ZLdKgqJeERM-unsplash.jpg
n/hunter-newton-FQe4hjBlcPE-unsplash.jpg
n/windows-_DFBsvESvQ8-unsplash.jpg
n/christi-marcheschi-qpeCfImxk90-unsplash.jpg
n/jizhidexiaohailang-DJsbfCjhnJ4-unsplash.jpg
n/odd-fellow-KNWfI_7DhQg-unsplash.jpg
n/terry-boynton-qOgtSCWDv2E-unsplash.jpg
n/raj-rana-nWpTGnP_jWE-unsplash.jpg
n/randy-fath-CblJCxwPjx0-unsplash.jpg
n/husniati-salma-J17gyn1adEM-unsplash.jpg
n/the-new-york-public-library-6OEBzDJXwgU-unsplash.jpg
n/annie-spratt-OIuCXxx08yg-unsplash.jpg
n/yogendra-singh-M92wusZZ_qg-unsplash.jpg
n/linkedin-sales-solutions-NpyF7rjqmq4-unsplash.jpg
n/mira-kireeva-xTq26wLo5do-unsplash.jpg
n/taylor-wilcox-4nKOEAQaTgA-unsplash.jpg
n/ruben-rodriguez-IXTvnOOSTyU-unsplash.jpg
n/sam-balye-w1FwDvIreZU-unsplash.jpg
n/zaini-izzuddin-55btQzyDiO8-unsplash.jpg
n/neonbrand-1-aA2Fadydc-unsplash.jpg
n/cdc-GDokEYnOfnE-unsplash.jpg
n/ivan-aleksic-PDRFeeDniCk-unsplash.jpg
n/neonbrand-zFSo6bnZJTw-unsplash.jpg
n/cdc-gsRi9cWCIB0-unsplash.jpg
n/mche-lee-PC91Jm1DlWA-unsplash.jpg
n/engin-akyurt-o-99rrlwNVY-unsplash.jpg
n/sam-marx-3w8eCQgX_4c-unsplash.jpg
n/roberto-nickson-rEJxpBskj3Q-unsplash.jpg
n/michael-oxendine-GHCVUtBECuY-unsplash.jpg
n/andy-art-zwZpdhoTbU0-unsplash.jpg
n/philipp-berndt-5i0GnoTTjSE-unsplash.jpg
n/kara-eads-L7EwHkq1B2s-unsplash.jpg
n/julian-rivera--hvhdqafQx8-unsplash.jpg
n/sergei-wing-RrofBOkgeTA-unsplash.jpg
n/leah-hetteberg-V297jRiZZSI-unsplash.jpg
n/kat-nelson-GfQtCsCD8Nk-unsplash.jpg
n/david-hurley-zGVyaw9UexY-unsplash.jpg
n/alexander-krivitskiy-RgoJtqRDuGA-unsplash.jpg
n/zazen-koan-v3qAR41NKE8-unsplash.jpg
n/taylor-heery-EI3VqTOgl3A-unsplash.jpg
n/max-ilienerwise-YvWJOXHNJ94-unsplash.jpg
n/hamid-tajik-uvnApE6gmnM-unsplash.jpg
n/goh-rhy-yan-XgsVB9Uwpq8-unsplash.jpg
n/raj-rana-15Vb4B_ma_s-unsplash.jpg
n/mohammad-khaksarmadani-4FDsNcCR8iQ-unsplash.jpg
n/mubariz-mehdizadeh-t3zrEm88ehc-unsplash.jpg
n/joseph-pearson-827XUhVSp8M-unsplash.jpg
n/matheus-ferrero-pg_WCHWSdT8-unsplash.jpg
n/karl-magnuson-85J99sGggnw-unsplash.jpg
n/jonas-kakaroto-mjRwhvqEC0U-unsplash.jpg
n/sergio-de-paula-c_GmwfHBDzk-unsplash.jpg
n/dan-ROJFuWCsfmA-unsplash.jpg
n/christopher-campbell-rDEOVtE7vOs-unsplash.jpg
n/1617228427864.jpeg
n/1617228427866.jpeg
n/1617228427861.jpeg
n/1617228427863.jpeg
n/1617228427857.jpeg
n/1617228427855.jpeg
n/1617228427859.jpeg
n/1617228427851.jpeg
n/1617228427854.jpeg
n/1617228427849.jpeg
n/1617228427848.jpeg
n/1617228427847.jpeg
n/1617228427831.jpeg
n/1617228427827.jpeg
n/1617228427835.jpeg
n/1617228427819.jpeg
n/1617228427823.jpeg
n/1617228427799.jpeg
n/1617228427803.jpeg
n/1617228427792.jpeg
n/1617228427796.jpeg
n/1617228427789.jpeg
n/1617228427786.jpeg
n/1617228427783.jpeg
n/1617228427780.jpeg
n/1617228427776.jpeg
n/1617228427768.jpeg
n/1617228427772.jpeg
n/1617228427761.jpeg
n/1617228427764.jpeg
n/118_1512_1617220765.217932.png
n/111_915_1617220762.2242186.png
n/109_549_1617220761.2323604.png
n/108_769_1617220760.8985908.png
n/107_543_1617220760.5618346.png
n/106_1129_1617220760.2250967.png
n/105_1114_1617220759.9054096.png
n/104_786_1617220759.5710435.png
n/103_681_1617220759.2323308.png
n/102_914_1617220758.898305.png
n/101_864_1617220758.545329.png
n/99_1339_1617220757.9043417.png
n/98_1050_1617220757.567823.png
n/97_872_1617220757.2174249.png
n/96_1071_1617220756.8801258.png
n/95_754_1617220756.5454473.png
n/94_815_1617220756.2417383.png
n/93_813_1617220755.887522.png
n/92_739_1617220755.5531151.png
n/91_886_1617220755.2162104.png
n/90_839_1617220754.879852.png
n/85_1421_1617220752.8976738.png
n/84_544_1617220752.5605721.png
n/83_827_1617220752.2247283.png
n/82_993_1617220751.9033923.png
n/81_1188_1617220751.5680563.png
n/80_523_1617220751.231477.png
n/79_880_1617220750.898562.png
n/78_878_1617220750.5453248.png
n/77_1036_1617220750.2415864.png
n/68_585_1617220746.2254765.png
n/3_583_1617220718.8668795.png
n/2_704_1617220718.2084308.png