p/106_557_1617226279.1075685.png 1 0 0 180 120
p/105_543_1617226278.8112564.png 1 0 0 180 120
p/104_580_1617226278.4572036.png 1 0 0 180 120
p/103_585_1617226278.116582.png 1 0 0 180 120
p/102_575_1617226277.7803273.png 1 0 0 180 120
p/101_577_1617226277.4445188.png 1 0 0 180 120
p/100_569_1617226277.123678.png 1 0 0 180 120
p/99_584_1617226276.7958348.png 1 0 0 180 120
p/98_574_1617226276.4586265.png 1 0 0 180 120
p/97_556_1617226276.1159883.png 1 0 0 180 120
p/96_567_1617226275.803831.png 1 0 0 180 120
p/95_572_1617226275.4655523.png 1 0 0 180 120
p/94_586_1617226275.1255097.png 1 0 0 180 120
p/93_582_1617226274.789611.png 1 0 0 180 120
p/92_589_1617226274.4716873.png 1 0 0 180 120
p/91_566_1617226274.131788.png 1 0 0 180 120
p/90_548_1617226273.7976303.png 1 0 0 180 120
p/89_512_1617226273.4668143.png 1 0 0 180 120
p/88_564_1617226272.472959.png 1 0 0 180 120
p/87_568_1617226272.1315885.png 1 0 0 180 120
p/86_555_1617226271.7806046.png 1 0 0 180 120
p/85_550_1617226271.4501715.png 1 0 0 180 120
p/84_580_1617226271.107701.png 1 0 0 180 120
p/83_572_1617226270.804142.png 1 0 0 180 120
p/82_578_1617226270.4446838.png 1 0 0 180 120
p/81_571_1617226270.117793.png 1 0 0 180 120
p/80_581_1617226269.783387.png 1 0 0 180 120
p/79_579_1617226269.4475753.png 1 0 0 180 120
p/78_570_1617226269.1273897.png 1 0 0 180 120
p/77_568_1617226268.7873755.png 1 0 0 180 120
p/76_577_1617226268.4585187.png 1 0 0 180 120
p/75_580_1617226268.123253.png 1 0 0 180 120
p/74_570_1617226267.7972538.png 1 0 0 180 120
p/73_577_1617226267.4624095.png 1 0 0 180 120
p/72_589_1617226267.134477.png 1 0 0 180 120
p/71_585_1617226266.7943046.png 1 0 0 180 120
p/70_570_1617226266.468654.png 1 0 0 180 120
p/69_585_1617226266.1325417.png 1 0 0 180 120
p/68_577_1617226265.8024948.png 1 0 0 180 120
p/67_578_1617226265.4641073.png 1 0 0 180 120
p/66_570_1617226265.0997505.png 1 0 0 180 120
p/65_568_1617226264.8054178.png 1 0 0 180 120
p/64_561_1617226264.4695508.png 1 0 0 180 120
p/63_562_1617226264.1413114.png 1 0 0 180 120
p/62_564_1617226263.7871253.png 1 0 0 180 120
p/61_552_1617226263.450501.png 1 0 0 180 120
p/60_571_1617226263.1076887.png 1 0 0 180 120
p/59_573_1617226262.803536.png 1 0 0 180 120
p/58_561_1617226262.4434686.png 1 0 0 180 120
p/57_570_1617226262.1175263.png 1 0 0 180 120
p/56_569_1617226261.7802804.png 1 0 0 180 120
p/55_568_1617226261.4462624.png 1 0 0 180 120
p/54_571_1617226261.1065266.png 1 0 0 180 120
p/53_564_1617226260.794707.png 1 0 0 180 120
p/52_585_1617226260.4554355.png 1 0 0 180 120
p/51_575_1617226260.1146235.png 1 0 0 180 120
p/50_541_1617226259.8037138.png 1 0 0 180 120
p/49_572_1617226259.466123.png 1 0 0 180 120
p/48_577_1617226259.1249664.png 1 0 0 180 120
p/47_562_1617226258.7943726.png 1 0 0 180 120
p/46_576_1617226258.4756403.png 1 0 0 180 120
p/45_560_1617226258.1311243.png 1 0 0 180 120
p/44_541_1617226257.8046238.png 1 0 0 180 120
p/43_561_1617226257.4616983.png 1 0 0 180 120
p/42_579_1617226257.109576.png 1 0 0 180 120
p/41_580_1617226256.8055265.png 1 0 0 180 120
p/40_584_1617226256.470426.png 1 0 0 180 120
p/39_586_1617226256.13059.png 1 0 0 180 120
p/38_590_1617226255.7824821.png 1 0 0 180 120
p/37_582_1617226255.4464252.png 1 0 0 180 120
p/36_585_1617226255.1063144.png 1 0 0 180 120
p/35_578_1617226254.8109922.png 1 0 0 180 120
p/34_590_1617226254.4415395.png 1 0 0 180 120
p/33_584_1617226254.1163137.png 1 0 0 180 120
p/32_597_1617226253.7880454.png 1 0 0 180 120
p/31_595_1617226253.4443448.png 1 0 0 180 120
p/30_574_1617226253.1092188.png 1 0 0 180 120
p/29_592_1617226252.7892792.png 1 0 0 180 120
p/28_602_1617226252.457801.png 1 0 0 180 120
p/27_598_1617226252.116464.png 1 0 0 180 120
p/26_590_1617226251.7801774.png 1 0 0 180 120
p/25_603_1617226251.4704356.png 1 0 0 180 120
p/24_594_1617226251.1233559.png 1 0 0 180 120
p/23_584_1617226250.7939713.png 1 0 0 180 120
p/22_577_1617226250.4738543.png 1 0 0 180 120
p/21_574_1617226250.1323264.png 1 0 0 180 120
p/20_583_1617226249.8035479.png 1 0 0 180 120
p/19_590_1617226249.4667227.png 1 0 0 180 120
p/18_585_1617226249.099014.png 1 0 0 180 120
p/17_579_1617226248.804362.png 1 0 0 180 120
p/16_571_1617226248.476221.png 1 0 0 180 120
p/15_574_1617226248.133088.png 1 0 0 180 120
p/14_578_1617226247.775413.png 1 0 0 180 120
p/13_587_1617226247.4508529.png 1 0 0 180 120
p/12_544_1617226247.1075616.png 1 0 0 180 120
p/11_568_1617226246.8112879.png 1 0 0 180 120
p/10_565_1617226246.4504964.png 1 0 0 180 120
p/9_566_1617226246.11859.png 1 0 0 180 120
p/8_567_1617226245.7815814.png 1 0 0 180 120
p/7_566_1617226245.4484603.png 1 0 0 180 120
p/6_574_1617226245.110997.png 1 0 0 180 120
p/5_592_1617226244.7897542.png 1 0 0 180 120
p/4_561_1617226244.4533696.png 1 0 0 180 120
p/3_573_1617226244.1167145.png 1 0 0 180 120
p/2_595_1617226243.7841501.png 1 0 0 180 120
p/1_593_1617226243.4649892.png 1 0 0 180 120
p/0_538_1617226243.128609.png 1 0 0 180 120
p/1617221365888.jpeg 1 0 0 224 224
p/1617221365892.jpeg 1 0 0 224 224
p/1617221365884.jpeg 1 0 0 194 259
p/1617221365880.jpeg 1 0 0 223 226
p/1617221365875.jpeg 1 0 0 247 204
p/1617221365869.jpeg 1 0 0 682 1023
p/1617221365863.jpeg 1 0 0 800 533
p/1617221365858.jpeg 1 0 0 800 533
p/1617221365851.jpeg 1 0 0 800 533
p/1617221365845.jpeg 1 0 0 800 533
p/1617221365837.jpeg 1 0 0 408 612